\BOOKMARK [1][-]{section.1}{\376\377\000I\000n\000t\000r\000o\000d\000u\000c\000t\000i\000o\000n}{}% 1
\BOOKMARK [2][-]{subsection.1.1}{\376\377\000R\000E\000N\000\040\000D\000r\000u\000g\000\040\000P\000l\000a\000t\000f\000o\000r\000m\000\040\000O\000v\000e\000r\000v\000i\000e\000w}{section.1}% 2
\BOOKMARK [1][-]{section.2}{\376\377\000B\000a\000c\000k\000g\000r\000o\000u\000n\000d\000\040\000a\000n\000d\000\040\000T\000h\000e\000o\000r\000e\000t\000i\000c\000a\000l\000\040\000F\000r\000a\000m\000e\000w\000o\000r\000k}{}% 3
\BOOKMARK [2][-]{subsection.2.1}{\376\377\000E\000n\000t\000r\000o\000p\000y\000\040\000i\000n\000\040\000N\000e\000u\000r\000a\000l\000\040\000S\000y\000s\000t\000e\000m\000s}{section.2}% 4
\BOOKMARK [2][-]{subsection.2.2}{\376\377\000A\000s\000t\000r\000o\000c\000y\000t\000e\000-\000N\000e\000u\000r\000o\000n\000\040\000I\000n\000t\000e\000r\000a\000c\000t\000i\000o\000n\000s\000\040\000i\000n\000\040\000E\000n\000t\000r\000o\000p\000y\000\040\000R\000e\000g\000u\000l\000a\000t\000i\000o\000n}{section.2}% 5
\BOOKMARK [2][-]{subsection.2.3}{\376\377\000R\000e\000c\000u\000r\000s\000i\000v\000e\000\040\000B\000r\000e\000a\000k\000d\000o\000w\000n\000\040\000i\000n\000\040\000D\000o\000p\000a\000m\000i\000n\000e\000r\000g\000i\000c\000\040\000C\000i\000r\000c\000u\000i\000t\000s}{section.2}% 6
\BOOKMARK [2][-]{subsection.2.4}{\376\377\000P\000h\000a\000r\000m\000a\000c\000o\000l\000o\000g\000i\000c\000a\000l\000\040\000P\000r\000e\000c\000e\000d\000e\000n\000t\000s}{section.2}% 7
\BOOKMARK [1][-]{section.3}{\376\377\000Q\000u\000a\000t\000e\000r\000n\000i\000o\000n\000i\000c\000\040\000H\000i\000l\000b\000e\000r\000t\000\040\000S\000p\000a\000c\000e\000\040\000F\000o\000r\000m\000u\000l\000a\000t\000i\000o\000n}{}% 8
\BOOKMARK [2][-]{subsection.3.1}{\376\377\000M\000o\000t\000i\000v\000a\000t\000i\000o\000n\000:\000\040\000B\000e\000y\000o\000n\000d\000\040\000C\000o\000m\000p\000l\000e\000x\000\040\000Q\000u\000a\000n\000t\000u\000m\000\040\000M\000e\000c\000h\000a\000n\000i\000c\000s}{section.3}% 9
\BOOKMARK [2][-]{subsection.3.2}{\376\377\000F\000i\000e\000l\000d\000\040\000R\000e\000p\000r\000e\000s\000e\000n\000t\000a\000t\000i\000o\000n}{section.3}% 10
\BOOKMARK [2][-]{subsection.3.3}{\376\377\000E\000v\000o\000l\000u\000t\000i\000o\000n\000\040\000D\000y\000n\000a\000m\000i\000c\000s}{section.3}% 11
\BOOKMARK [2][-]{subsection.3.4}{\376\377\000C\000o\000n\000t\000e\000x\000t\000-\000D\000e\000p\000e\000n\000d\000e\000n\000t\000\040\000A\000l\000g\000e\000b\000r\000a\000i\000c\000\040\000C\000h\000a\000i\000n\000s}{section.3}% 12
\BOOKMARK [2][-]{subsection.3.5}{\376\377\000C\000o\000h\000e\000r\000e\000n\000c\000e\000\040\000O\000r\000d\000e\000r\000\040\000P\000a\000r\000a\000m\000e\000t\000e\000r}{section.3}% 13
\BOOKMARK [2][-]{subsection.3.6}{\376\377\000A\000d\000v\000a\000n\000t\000a\000g\000e\000s\000\040\000O\000v\000e\000r\000\040\000A\000l\000t\000e\000r\000n\000a\000t\000i\000v\000e\000\040\000F\000o\000r\000m\000u\000l\000a\000t\000i\000o\000n\000s}{section.3}% 14
\BOOKMARK [2][-]{subsection.3.7}{\376\377\000A\000d\000d\000r\000e\000s\000s\000i\000n\000g\000\040\000P\000o\000t\000e\000n\000t\000i\000a\000l\000\040\000O\000b\000j\000e\000c\000t\000i\000o\000n\000s}{section.3}% 15
\BOOKMARK [3][-]{subsubsection.3.7.1}{\376\377\000W\000h\000y\000\040\000n\000o\000t\000\040\000j\000u\000s\000t\000\040\000u\000s\000e\000\040\000c\000o\000m\000p\000l\000e\000x\000\040\000n\000u\000m\000b\000e\000r\000s\000\040\000\050\000C\000\051\000?}{subsection.3.7}% 16
\BOOKMARK [3][-]{subsubsection.3.7.2}{\376\377\000I\000s\000n\000'\000t\000\040\000t\000h\000i\000s\000\040\000j\000u\000s\000t\000\040\000m\000a\000t\000h\000e\000m\000a\000t\000i\000c\000a\000l\000\040\000d\000e\000c\000o\000r\000a\000t\000i\000o\000n\000?}{subsection.3.7}% 17
\BOOKMARK [2][-]{subsection.3.8}{\376\377\000Q\000u\000a\000t\000e\000r\000n\000i\000o\000n\000i\000c\000\040\000D\000y\000n\000a\000m\000i\000c\000s\000:\000\040\000S\000i\000m\000u\000l\000a\000t\000i\000o\000n\000\040\000R\000e\000s\000u\000l\000t\000s}{section.3}% 18
\BOOKMARK [1][-]{section.4}{\376\377\000F\000i\000n\000a\000l\000\040\000C\000h\000e\000m\000i\000c\000a\000l\000\040\000S\000t\000r\000u\000c\000t\000u\000r\000e\000\040\000\050\000R\000E\000N\000-\0000\0001\000\051}{}% 19
\BOOKMARK [2][-]{subsection.4.1}{\376\377\000C\000o\000r\000e\000\040\000S\000t\000r\000u\000c\000t\000u\000r\000e\000:\000\040\000G\000\040\000p\000r\000o\000t\000e\000i\000n\000\040\000B\000i\000a\000s\000e\000d\000\040\000M\000O\000R\000\040\000A\000g\000o\000n\000i\000s\000t}{section.4}% 20
\BOOKMARK [2][-]{subsection.4.2}{\376\377\000D\000u\000a\000l\000-\000T\000a\000r\000g\000e\000t\000\040\000P\000o\000p\000u\000l\000a\000t\000i\000o\000n\000\040\000E\000n\000g\000a\000g\000e\000m\000e\000n\000t}{section.4}% 21
\BOOKMARK [2][-]{subsection.4.3}{\376\377\000E\000n\000t\000r\000o\000p\000y\000-\000M\000o\000d\000u\000l\000a\000t\000i\000n\000g\000\040\000M\000o\000i\000e\000t\000y}{section.4}% 22
\BOOKMARK [2][-]{subsection.4.4}{\376\377\000C\000o\000m\000p\000l\000e\000t\000e\000\040\000M\000o\000l\000e\000c\000u\000l\000a\000r\000\040\000S\000t\000r\000u\000c\000t\000u\000r\000e\000\040\000a\000n\000d\000\040\000S\000y\000n\000t\000h\000e\000s\000i\000s}{section.4}% 23
\BOOKMARK [2][-]{subsection.4.5}{\376\377\000E\000x\000p\000e\000c\000t\000e\000d\000\040\000I\000n\000t\000e\000r\000a\000c\000t\000i\000o\000n\000s\000\040\000w\000i\000t\000h\000\040\000N\000e\000u\000r\000a\000l\000\040\000S\000y\000s\000t\000e\000m\000s}{section.4}% 24
\BOOKMARK [1][-]{section.5}{\376\377\000M\000a\000t\000h\000e\000m\000a\000t\000i\000c\000a\000l\000\040\000M\000o\000d\000e\000l}{}% 25
\BOOKMARK [2][-]{subsection.5.1}{\376\377\000M\000o\000d\000e\000l\000\040\000S\000c\000o\000p\000e\000\040\000a\000n\000d\000\040\000A\000s\000s\000u\000m\000p\000t\000i\000o\000n\000s}{section.5}% 26
\BOOKMARK [2][-]{subsection.5.2}{\376\377\000E\000n\000t\000r\000o\000p\000y\000\040\000F\000i\000e\000l\000d\000\040\000E\000q\000u\000a\000t\000i\000o\000n\000s}{section.5}% 27
\BOOKMARK [2][-]{subsection.5.3}{\376\377\000Q\000u\000a\000t\000e\000r\000n\000i\000o\000n\000i\000c\000\040\000H\000i\000l\000b\000e\000r\000t\000\040\000S\000p\000a\000c\000e\000\040\000F\000o\000r\000m\000u\000l\000a\000t\000i\000o\000n}{section.5}% 28
\BOOKMARK [3][-]{subsubsection.5.3.1}{\376\377\000P\000r\000i\000m\000a\000r\000y\000\040\000F\000i\000e\000l\000d\000\040\000V\000a\000r\000i\000a\000b\000l\000e}{subsection.5.3}% 29
\BOOKMARK [3][-]{subsubsection.5.3.2}{\376\377\000Q\000u\000a\000t\000e\000r\000n\000i\000o\000n\000i\000c\000\040\000E\000v\000o\000l\000u\000t\000i\000o\000n\000\040\000E\000q\000u\000a\000t\000i\000o\000n}{subsection.5.3}% 30
\BOOKMARK [3][-]{subsubsection.5.3.3}{\376\377\000S\000c\000a\000l\000a\000r\000\040\000F\000i\000e\000l\000d\000\040\000P\000r\000o\000j\000e\000c\000t\000i\000o\000n\000s}{subsection.5.3}% 31
\BOOKMARK [2][-]{subsection.5.4}{\376\377\000L\000o\000c\000a\000l\000\040\000O\000b\000s\000e\000r\000v\000a\000b\000l\000e\000\040\000D\000e\000n\000s\000i\000t\000i\000e\000s\000\040\000\050\000P\000r\000o\000j\000e\000c\000t\000i\000o\000n\000s\000\051}{section.5}% 32
\BOOKMARK [2][-]{subsection.5.5}{\376\377\000P\000a\000r\000a\000m\000e\000t\000e\000r\000\040\000D\000e\000f\000i\000n\000i\000t\000i\000o\000n\000s\000\040\000a\000n\000d\000\040\000V\000a\000l\000u\000e\000s}{section.5}% 33
\BOOKMARK [2][-]{subsection.5.6}{\376\377\000I\000n\000t\000e\000r\000p\000r\000e\000t\000a\000t\000i\000o\000n\000\040\000o\000f\000\040\000Q\000u\000a\000t\000e\000r\000n\000i\000o\000n\000i\000c\000\040\000D\000y\000n\000a\000m\000i\000c\000s}{section.5}% 34
\BOOKMARK [2][-]{subsection.5.7}{\376\377\000C\000r\000i\000t\000i\000c\000a\000l\000\040\000T\000r\000a\000n\000s\000i\000t\000i\000o\000n\000s\000\040\000a\000n\000d\000\040\000S\000t\000a\000b\000i\000l\000i\000t\000y\000\040\000A\000n\000a\000l\000y\000s\000i\000s}{section.5}% 35
\BOOKMARK [2][-]{subsection.5.8}{\376\377\000E\000f\000f\000e\000c\000t\000\040\000o\000f\000\040\000R\000E\000N\000-\0000\0001\000\040\000o\000n\000\040\000M\000o\000d\000e\000l\000\040\000P\000a\000r\000a\000m\000e\000t\000e\000r\000s}{section.5}% 36
\BOOKMARK [2][-]{subsection.5.9}{\376\377\000V\000e\000c\000t\000o\000r\000\040\000F\000i\000e\000l\000d\000\040\000R\000e\000p\000r\000e\000s\000e\000n\000t\000a\000t\000i\000o\000n}{section.5}% 37
\BOOKMARK [2][-]{subsection.5.10}{\376\377\000Q\000u\000a\000t\000e\000r\000n\000i\000o\000n\000i\000c\000\040\000A\000t\000t\000r\000a\000c\000t\000o\000r\000\040\000D\000y\000n\000a\000m\000i\000c\000s}{section.5}% 38
\BOOKMARK [2][-]{subsection.5.11}{\376\377\000N\000u\000m\000e\000r\000i\000c\000a\000l\000\040\000S\000i\000m\000u\000l\000a\000t\000i\000o\000n\000\040\000M\000e\000t\000h\000o\000d\000s}{section.5}% 39
\BOOKMARK [2][-]{subsection.5.12}{\376\377\000R\000e\000l\000a\000t\000i\000o\000n\000\040\000t\000o\000\040\000C\000a\000n\000o\000n\000i\000c\000a\000l\000\040\000N\000e\000u\000r\000a\000l\000\040\000F\000i\000e\000l\000d\000\040\000M\000o\000d\000e\000l\000s}{section.5}% 40
\BOOKMARK [2][-]{subsection.5.13}{\376\377\000L\000i\000m\000i\000t\000a\000t\000i\000o\000n\000s\000\040\000a\000n\000d\000\040\000F\000u\000t\000u\000r\000e\000\040\000E\000x\000t\000e\000n\000s\000i\000o\000n\000s}{section.5}% 41
\BOOKMARK [2][-]{subsection.5.14}{\376\377\000M\000a\000t\000h\000e\000m\000a\000t\000i\000c\000a\000l\000\040\000V\000a\000l\000i\000d\000a\000t\000i\000o\000n\000\040\000o\000f\000\040\000E\000n\000t\000r\000o\000p\000y\000\040\000F\000i\000e\000l\000d\000\040\000E\000q\000u\000a\000t\000i\000o\000n\000s}{section.5}% 42
\BOOKMARK [3][-]{subsubsection.5.14.1}{\376\377\000E\000n\000t\000r\000o\000p\000y\000\040\000F\000i\000e\000l\000d\000\040\000E\000q\000u\000a\000t\000i\000o\000n\000\040\000V\000a\000l\000i\000d\000a\000t\000i\000o\000n}{subsection.5.14}% 43
\BOOKMARK [3][-]{subsubsection.5.14.2}{\376\377\000C\000o\000l\000l\000a\000p\000s\000e\000\040\000M\000e\000t\000r\000i\000c\000\040\000\050\000G\000e\000n\000e\000r\000a\000t\000o\000r\000-\000C\000o\000n\000s\000i\000s\000t\000e\000n\000t\000\051}{subsection.5.14}% 44
\BOOKMARK [3][-]{subsubsection.5.14.3}{\376\377\000C\000l\000i\000n\000i\000c\000a\000l\000\040\000I\000n\000t\000e\000r\000p\000r\000e\000t\000a\000t\000i\000o\000n\000\040\000a\000n\000d\000\040\000V\000a\000l\000i\000d\000a\000t\000i\000o\000n}{subsection.5.14}% 45
\BOOKMARK [3][-]{subsubsection.5.14.4}{\376\377\000Q\000u\000a\000t\000e\000r\000n\000i\000o\000n\000i\000c\000\040\000E\000x\000t\000e\000n\000s\000i\000o\000n\000\040\000V\000a\000l\000i\000d\000a\000t\000i\000o\000n}{subsection.5.14}% 46
\BOOKMARK [1][-]{section.6}{\376\377\000U\000p\000d\000a\000t\000e\000d\000\040\000M\000e\000t\000h\000o\000d\000o\000l\000o\000g\000y}{}% 47
\BOOKMARK [2][-]{subsection.6.1}{\376\377\000A\000d\000v\000a\000n\000c\000e\000d\000\040\000E\000x\000p\000e\000r\000i\000m\000e\000n\000t\000a\000l\000\040\000M\000e\000t\000h\000o\000d\000s}{section.6}% 48
\BOOKMARK [3][-]{subsubsection.6.1.1}{\376\377\000H\000i\000g\000h\000-\000T\000h\000r\000o\000u\000g\000h\000p\000u\000t\000\040\000S\000c\000r\000e\000e\000n\000i\000n\000g\000\040\000a\000n\000d\000\040\000O\000p\000t\000i\000m\000i\000z\000a\000t\000i\000o\000n}{subsection.6.1}% 49
\BOOKMARK [3][-]{subsubsection.6.1.2}{\376\377\000A\000d\000v\000a\000n\000c\000e\000d\000\040\000I\000m\000a\000g\000i\000n\000g\000\040\000T\000e\000c\000h\000n\000i\000q\000u\000e\000s}{subsection.6.1}% 50
\BOOKMARK [3][-]{subsubsection.6.1.3}{\376\377\000M\000u\000l\000t\000i\000-\000M\000o\000d\000a\000l\000\040\000E\000l\000e\000c\000t\000r\000o\000p\000h\000y\000s\000i\000o\000l\000o\000g\000y}{subsection.6.1}% 51
\BOOKMARK [3][-]{subsubsection.6.1.4}{\376\377\000A\000d\000v\000a\000n\000c\000e\000d\000\040\000P\000r\000o\000t\000e\000o\000m\000i\000c\000s\000\040\000a\000n\000d\000\040\000M\000e\000t\000a\000b\000o\000l\000o\000m\000i\000c\000s}{subsection.6.1}% 52
\BOOKMARK [2][-]{subsection.6.2}{\376\377\000C\000o\000m\000p\000u\000t\000a\000t\000i\000o\000n\000a\000l\000\040\000a\000n\000d\000\040\000M\000a\000t\000h\000e\000m\000a\000t\000i\000c\000a\000l\000\040\000M\000e\000t\000h\000o\000d\000s}{section.6}% 53
\BOOKMARK [3][-]{subsubsection.6.2.1}{\376\377\000A\000d\000v\000a\000n\000c\000e\000d\000\040\000S\000i\000m\000u\000l\000a\000t\000i\000o\000n\000\040\000T\000e\000c\000h\000n\000i\000q\000u\000e\000s}{subsection.6.2}% 54
\BOOKMARK [3][-]{subsubsection.6.2.2}{\376\377\000I\000n\000f\000o\000r\000m\000a\000t\000i\000o\000n\000-\000T\000h\000e\000o\000r\000e\000t\000i\000c\000\040\000A\000n\000a\000l\000y\000s\000i\000s}{subsection.6.2}% 55
\BOOKMARK [3][-]{subsubsection.6.2.3}{\376\377\000M\000a\000c\000h\000i\000n\000e\000\040\000L\000e\000a\000r\000n\000i\000n\000g\000\040\000I\000n\000t\000e\000g\000r\000a\000t\000i\000o\000n}{subsection.6.2}% 56
\BOOKMARK [2][-]{subsection.6.3}{\376\377\000T\000r\000a\000n\000s\000l\000a\000t\000i\000o\000n\000a\000l\000\040\000a\000n\000d\000\040\000C\000l\000i\000n\000i\000c\000a\000l\000\040\000M\000e\000t\000h\000o\000d\000s}{section.6}% 57
\BOOKMARK [3][-]{subsubsection.6.3.1}{\376\377\000A\000d\000v\000a\000n\000c\000e\000d\000\040\000B\000i\000o\000m\000a\000r\000k\000e\000r\000\040\000D\000e\000v\000e\000l\000o\000p\000m\000e\000n\000t}{subsection.6.3}% 58
\BOOKMARK [3][-]{subsubsection.6.3.2}{\376\377\000I\000n\000n\000o\000v\000a\000t\000i\000v\000e\000\040\000C\000l\000i\000n\000i\000c\000a\000l\000\040\000T\000r\000i\000a\000l\000\040\000D\000e\000s\000i\000g\000n}{subsection.6.3}% 59
\BOOKMARK [3][-]{subsubsection.6.3.3}{\376\377\000A\000d\000v\000a\000n\000c\000e\000d\000\040\000S\000a\000f\000e\000t\000y\000\040\000A\000s\000s\000e\000s\000s\000m\000e\000n\000t}{subsection.6.3}% 60
\BOOKMARK [2][-]{subsection.6.4}{\376\377\000C\000o\000l\000l\000a\000b\000o\000r\000a\000t\000i\000v\000e\000\040\000R\000e\000s\000e\000a\000r\000c\000h\000\040\000N\000e\000t\000w\000o\000r\000k}{section.6}% 61
\BOOKMARK [3][-]{subsubsection.6.4.1}{\376\377\000A\000c\000a\000d\000e\000m\000i\000c\000\040\000P\000a\000r\000t\000n\000e\000r\000s\000h\000i\000p\000s}{subsection.6.4}% 62
\BOOKMARK [3][-]{subsubsection.6.4.2}{\376\377\000I\000n\000d\000u\000s\000t\000r\000y\000\040\000C\000o\000l\000l\000a\000b\000o\000r\000a\000t\000i\000o\000n\000s}{subsection.6.4}% 63
\BOOKMARK [3][-]{subsubsection.6.4.3}{\376\377\000P\000a\000t\000i\000e\000n\000t\000\040\000E\000n\000g\000a\000g\000e\000m\000e\000n\000t}{subsection.6.4}% 64
\BOOKMARK [2][-]{subsection.6.5}{\376\377\000D\000a\000t\000a\000\040\000M\000a\000n\000a\000g\000e\000m\000e\000n\000t\000\040\000a\000n\000d\000\040\000R\000e\000p\000r\000o\000d\000u\000c\000i\000b\000i\000l\000i\000t\000y}{section.6}% 65
\BOOKMARK [2][-]{subsection.6.6}{\376\377\000E\000t\000h\000i\000c\000a\000l\000\040\000C\000o\000n\000s\000i\000d\000e\000r\000a\000t\000i\000o\000n\000s}{section.6}% 66
\BOOKMARK [1][-]{section.7}{\376\377\000S\000i\000m\000u\000l\000a\000t\000i\000o\000n\000s\000\040\000a\000n\000d\000\040\000V\000i\000s\000u\000a\000l\000i\000z\000a\000t\000i\000o\000n\000s}{}% 67
\BOOKMARK [2][-]{subsection.7.1}{\376\377\000E\000n\000t\000r\000o\000p\000y\000\040\000F\000i\000e\000l\000d\000\040\000V\000i\000s\000u\000a\000l\000i\000z\000a\000t\000i\000o\000n}{section.7}% 68
\BOOKMARK [2][-]{subsection.7.2}{\376\377\000D\000o\000p\000a\000m\000i\000n\000e\000r\000g\000i\000c\000\040\000A\000c\000t\000i\000v\000i\000t\000y\000\040\000F\000i\000e\000l\000d}{section.7}% 69
\BOOKMARK [2][-]{subsection.7.3}{\376\377\000C\000o\000l\000l\000a\000p\000s\000e\000\040\000M\000e\000t\000r\000i\000c\000\040\000V\000i\000s\000u\000a\000l\000i\000z\000a\000t\000i\000o\000n}{section.7}% 70
\BOOKMARK [2][-]{subsection.7.4}{\376\377\000P\000a\000t\000i\000e\000n\000t\000\040\000S\000i\000m\000u\000l\000a\000t\000i\000o\000n}{section.7}% 71
\BOOKMARK [2][-]{subsection.7.5}{\376\377\000T\000e\000m\000p\000o\000r\000a\000l\000\040\000E\000v\000o\000l\000u\000t\000i\000o\000n\000\040\000o\000f\000\040\000S\000y\000s\000t\000e\000m\000\040\000S\000t\000a\000t\000e\000s}{section.7}% 72
\BOOKMARK [2][-]{subsection.7.6}{\376\377\000P\000r\000e\000d\000i\000c\000t\000i\000o\000n\000s\000\040\000f\000o\000r\000\040\000E\000x\000p\000e\000r\000i\000m\000e\000n\000t\000a\000l\000\040\000T\000e\000s\000t\000i\000n\000g}{section.7}% 73
\BOOKMARK [1][-]{section.8}{\376\377\000V\000a\000l\000i\000d\000a\000t\000i\000o\000n\000\040\000R\000e\000s\000u\000l\000t\000s}{}% 74
\BOOKMARK [2][-]{subsection.8.1}{\376\377\000E\000m\000p\000i\000r\000i\000c\000a\000l\000\040\000P\000a\000r\000a\000m\000e\000t\000e\000r\000\040\000C\000a\000l\000i\000b\000r\000a\000t\000i\000o\000n}{section.8}% 75
\BOOKMARK [3][-]{subsubsection.8.1.1}{\376\377\000O\000p\000e\000n\000N\000e\000u\000r\000o\000\040\000d\000s\0000\0000\0000\0002\0004\0005\000\040\000D\000a\000t\000a\000s\000e\000t}{subsection.8.1}% 76
\BOOKMARK [3][-]{subsubsection.8.1.2}{\376\377\000P\000u\000b\000C\000h\000e\000m\000\040\000T\000R\000V\0001\0003\0000\000\040\000M\000o\000l\000e\000c\000u\000l\000a\000r\000\040\000D\000a\000t\000a}{subsection.8.1}% 77
\BOOKMARK [2][-]{subsection.8.2}{\376\377\000R\000e\000g\000i\000m\000e\000\040\000U\000n\000i\000q\000u\000e\000n\000e\000s\000s\000\040\000T\000e\000s\000t\000s}{section.8}% 78
\BOOKMARK [3][-]{subsubsection.8.2.1}{\376\377\000R\0001\000:\000\040\000A\000t\000t\000r\000a\000c\000t\000o\000r\000\040\000T\000o\000p\000o\000l\000o\000g\000y\000\040\000V\000e\000r\000i\000f\000i\000c\000a\000t\000i\000o\000n}{subsection.8.2}% 79
\BOOKMARK [3][-]{subsubsection.8.2.2}{\376\377\000R\0002\000:\000\040\000B\000a\000s\000i\000n\000\040\000o\000f\000\040\000A\000t\000t\000r\000a\000c\000t\000i\000o\000n\000\040\000M\000a\000p\000p\000i\000n\000g}{subsection.8.2}% 80
\BOOKMARK [3][-]{subsubsection.8.2.3}{\376\377\000R\0003\000:\000\040\000P\000a\000r\000a\000m\000e\000t\000e\000r\000\040\000P\000e\000r\000t\000u\000r\000b\000a\000t\000i\000o\000n\000\040\000R\000o\000b\000u\000s\000t\000n\000e\000s\000s}{subsection.8.2}% 81
\BOOKMARK [2][-]{subsection.8.3}{\376\377\000A\000b\000l\000a\000t\000i\000o\000n\000\040\000L\000a\000d\000d\000e\000r\000\040\000A\000n\000a\000l\000y\000s\000i\000s}{section.8}% 82
\BOOKMARK [2][-]{subsection.8.4}{\376\377\000V\000a\000l\000i\000d\000a\000t\000i\000o\000n\000\040\000S\000u\000m\000m\000a\000r\000y}{section.8}% 83
\BOOKMARK [1][-]{section.9}{\376\377\000E\000x\000p\000e\000r\000i\000m\000e\000n\000t\000a\000l\000\040\000P\000l\000a\000n}{}% 84
\BOOKMARK [2][-]{subsection.9.1}{\376\377\000I\000n\000\040\000V\000i\000t\000r\000o\000\040\000S\000t\000u\000d\000i\000e\000s}{section.9}% 85
\BOOKMARK [3][-]{subsubsection.9.1.1}{\376\377\000P\000r\000i\000m\000a\000r\000y\000\040\000M\000i\000d\000b\000r\000a\000i\000n\000\040\000C\000u\000l\000t\000u\000r\000e\000s}{subsection.9.1}% 86
\BOOKMARK [3][-]{subsubsection.9.1.2}{\376\377\000H\000u\000m\000a\000n\000\040\000i\000P\000S\000C\000-\000D\000e\000r\000i\000v\000e\000d\000\040\000M\000o\000d\000e\000l\000s}{subsection.9.1}% 87
\BOOKMARK [2][-]{subsection.9.2}{\376\377\000I\000n\000\040\000V\000i\000v\000o\000\040\000S\000t\000u\000d\000i\000e\000s}{section.9}% 88
\BOOKMARK [3][-]{subsubsection.9.2.1}{\376\377\000M\000P\000T\000P\000\040\000M\000o\000u\000s\000e\000\040\000M\000o\000d\000e\000l}{subsection.9.2}% 89
\BOOKMARK [3][-]{subsubsection.9.2.2}{\376\377\000a\000l\000p\000h\000a\000-\000S\000y\000n\000u\000c\000l\000e\000i\000n\000\040\000P\000r\000e\000f\000o\000r\000m\000e\000d\000\040\000F\000i\000b\000r\000i\000l\000\040\000M\000o\000d\000e\000l}{subsection.9.2}% 90
\BOOKMARK [2][-]{subsection.9.3}{\376\377\000E\000x\000\040\000V\000i\000v\000o\000\040\000S\000t\000u\000d\000i\000e\000s}{section.9}% 91
\BOOKMARK [3][-]{subsubsection.9.3.1}{\376\377\000B\000r\000a\000i\000n\000\040\000S\000l\000i\000c\000e\000\040\000E\000l\000e\000c\000t\000r\000o\000p\000h\000y\000s\000i\000o\000l\000o\000g\000y}{subsection.9.3}% 92
\BOOKMARK [3][-]{subsubsection.9.3.2}{\376\377\000H\000u\000m\000a\000n\000\040\000P\000o\000s\000t\000-\000M\000o\000r\000t\000e\000m\000\040\000T\000i\000s\000s\000u\000e}{subsection.9.3}% 93
\BOOKMARK [2][-]{subsection.9.4}{\376\377\000T\000r\000a\000n\000s\000l\000a\000t\000i\000o\000n\000a\000l\000\040\000B\000i\000o\000m\000a\000r\000k\000e\000r\000s}{section.9}% 94
\BOOKMARK [2][-]{subsection.9.5}{\376\377\000S\000a\000f\000e\000t\000y\000\040\000a\000n\000d\000\040\000P\000h\000a\000r\000m\000a\000c\000o\000k\000i\000n\000e\000t\000i\000c\000\040\000S\000t\000u\000d\000i\000e\000s}{section.9}% 95
\BOOKMARK [2][-]{subsection.9.6}{\376\377\000E\000x\000p\000e\000r\000i\000m\000e\000n\000t\000a\000l\000\040\000D\000e\000s\000i\000g\000n\000\040\000C\000o\000n\000s\000i\000d\000e\000r\000a\000t\000i\000o\000n\000s}{section.9}% 96
\BOOKMARK [2][-]{subsection.9.7}{\376\377\000E\000x\000p\000e\000c\000t\000e\000d\000\040\000O\000u\000t\000c\000o\000m\000e\000s\000\040\000a\000n\000d\000\040\000I\000n\000t\000e\000r\000p\000r\000e\000t\000a\000t\000i\000o\000n}{section.9}% 97
\BOOKMARK [2][-]{subsection.9.8}{\376\377\000R\000e\000q\000u\000i\000r\000e\000d\000\040\000B\000l\000o\000o\000d\000-\000B\000r\000a\000i\000n\000\040\000B\000a\000r\000r\000i\000e\000r\000\040\000D\000e\000l\000i\000v\000e\000r\000y\000\040\000S\000t\000r\000a\000t\000e\000g\000i\000e\000s}{section.9}% 98
\BOOKMARK [3][-]{subsubsection.9.8.1}{\376\377\000M\000a\000t\000h\000e\000m\000a\000t\000i\000c\000a\000l\000\040\000M\000o\000d\000e\000l\000i\000n\000g\000\040\000f\000o\000r\000\040\000B\000B\000B\000\040\000P\000e\000p\000t\000i\000d\000e\000\040\000D\000e\000l\000i\000v\000e\000r\000y}{subsection.9.8}% 99
\BOOKMARK [3][-]{subsubsection.9.8.2}{\376\377\000R\000e\000c\000e\000n\000t\000\040\000A\000d\000v\000a\000n\000c\000e\000s\000\040\000i\000n\000\040\000P\000e\000p\000t\000i\000d\000e\000-\000B\000a\000s\000e\000d\000\040\000B\000B\000B\000\040\000D\000e\000l\000i\000v\000e\000r\000y\000\040\000M\000e\000c\000h\000a\000n\000i\000s\000m\000s}{subsection.9.8}% 100
\BOOKMARK [3][-]{subsubsection.9.8.3}{\376\377\000D\000i\000r\000e\000c\000t\000\040\000C\000S\000F\000\040\000A\000d\000m\000i\000n\000i\000s\000t\000r\000a\000t\000i\000o\000n\000\040\000f\000o\000r\000\040\000A\000c\000u\000t\000e\000\040\000C\000a\000s\000e\000s}{subsection.9.8}% 101
\BOOKMARK [3][-]{subsubsection.9.8.4}{\376\377\000C\000o\000s\000t\000-\000E\000f\000f\000e\000c\000t\000i\000v\000e\000n\000e\000s\000s\000\040\000S\000t\000r\000a\000t\000e\000g\000i\000e\000s\000\040\000f\000o\000r\000\040\000P\000e\000p\000t\000i\000d\000e\000-\000B\000a\000s\000e\000d\000\040\000B\000B\000B\000\040\000D\000e\000l\000i\000v\000e\000r\000y}{subsection.9.8}% 102
\BOOKMARK [1][-]{section.10}{\376\377\000D\000i\000s\000c\000u\000s\000s\000i\000o\000n}{}% 103
\BOOKMARK [2][-]{subsection.10.1}{\376\377\000E\000n\000t\000r\000o\000p\000y\000\040\000S\000t\000a\000b\000i\000l\000i\000z\000a\000t\000i\000o\000n\000\040\000a\000s\000\040\000a\000\040\000T\000h\000e\000r\000a\000p\000e\000u\000t\000i\000c\000\040\000P\000a\000r\000a\000d\000i\000g\000m}{section.10}% 104
\BOOKMARK [2][-]{subsection.10.2}{\376\377\000C\000o\000m\000p\000a\000r\000i\000s\000o\000n\000\040\000w\000i\000t\000h\000\040\000C\000u\000r\000r\000e\000n\000t\000\040\000T\000h\000e\000r\000a\000p\000e\000u\000t\000i\000c\000\040\000A\000p\000p\000r\000o\000a\000c\000h\000e\000s}{section.10}% 105
\BOOKMARK [2][-]{subsection.10.3}{\376\377\000L\000i\000m\000i\000t\000a\000t\000i\000o\000n\000s\000\040\000a\000n\000d\000\040\000C\000h\000a\000l\000l\000e\000n\000g\000e\000s}{section.10}% 106
\BOOKMARK [2][-]{subsection.10.4}{\376\377\000I\000m\000p\000l\000i\000c\000a\000t\000i\000o\000n\000s\000\040\000f\000o\000r\000\040\000O\000t\000h\000e\000r\000\040\000N\000e\000u\000r\000o\000d\000e\000g\000e\000n\000e\000r\000a\000t\000i\000v\000e\000\040\000D\000i\000s\000o\000r\000d\000e\000r\000s}{section.10}% 107
\BOOKMARK [2][-]{subsection.10.5}{\376\377\000E\000t\000h\000i\000c\000a\000l\000\040\000a\000n\000d\000\040\000P\000h\000i\000l\000o\000s\000o\000p\000h\000i\000c\000a\000l\000\040\000C\000o\000n\000s\000i\000d\000e\000r\000a\000t\000i\000o\000n\000s}{section.10}% 108
\BOOKMARK [2][-]{subsection.10.6}{\376\377\000F\000u\000t\000u\000r\000e\000\040\000D\000i\000r\000e\000c\000t\000i\000o\000n\000s}{section.10}% 109
\BOOKMARK [2][-]{subsection.10.7}{\376\377\000C\000o\000n\000c\000l\000u\000s\000i\000o\000n}{section.10}% 110
\BOOKMARK [2][-]{subsection.10.8}{\376\377\000A\000d\000d\000r\000e\000s\000s\000i\000n\000g\000\040\000M\000a\000n\000u\000f\000a\000c\000t\000u\000r\000i\000n\000g\000\040\000a\000n\000d\000\040\000D\000e\000v\000e\000l\000o\000p\000m\000e\000n\000t\000\040\000C\000h\000a\000l\000l\000e\000n\000g\000e\000s}{section.10}% 111
\BOOKMARK [3][-]{subsubsection.10.8.1}{\376\377\000C\000o\000m\000p\000l\000e\000x\000i\000t\000y\000\040\000o\000f\000\040\000t\000h\000e\000\040\000C\000o\000m\000p\000o\000u\000n\000d}{subsection.10.8}% 112
\BOOKMARK [3][-]{subsubsection.10.8.2}{\376\377\000R\000e\000g\000u\000l\000a\000t\000o\000r\000y\000\040\000H\000u\000r\000d\000l\000e\000s}{subsection.10.8}% 113
\BOOKMARK [3][-]{subsubsection.10.8.3}{\376\377\000S\000c\000a\000l\000a\000b\000i\000l\000i\000t\000y\000\040\000a\000n\000d\000\040\000R\000e\000p\000r\000o\000d\000u\000c\000i\000b\000i\000l\000i\000t\000y}{subsection.10.8}% 114
\BOOKMARK [3][-]{subsubsection.10.8.4}{\376\377\000I\000n\000t\000e\000l\000l\000e\000c\000t\000u\000a\000l\000\040\000P\000r\000o\000p\000e\000r\000t\000y\000\040\000P\000r\000o\000t\000e\000c\000t\000i\000o\000n}{subsection.10.8}% 115
\BOOKMARK [3][-]{subsubsection.10.8.5}{\376\377\000M\000a\000r\000k\000e\000t\000\040\000V\000i\000a\000b\000i\000l\000i\000t\000y}{subsection.10.8}% 116
\BOOKMARK [1][-]{section.11}{\376\377\000F\000u\000t\000u\000r\000e\000\040\000W\000o\000r\000k}{}% 117
\BOOKMARK [2][-]{subsection.11.1}{\376\377\000E\000x\000t\000e\000n\000s\000i\000o\000n\000\040\000t\000o\000\040\000O\000t\000h\000e\000r\000\040\000N\000e\000u\000r\000o\000d\000e\000g\000e\000n\000e\000r\000a\000t\000i\000v\000e\000\040\000D\000i\000s\000o\000r\000d\000e\000r\000s}{section.11}% 118
\BOOKMARK [3][-]{subsubsection.11.1.1}{\376\377\000A\000l\000z\000h\000e\000i\000m\000e\000r\000'\000s\000\040\000D\000i\000s\000e\000a\000s\000e}{subsection.11.1}% 119
\BOOKMARK [3][-]{subsubsection.11.1.2}{\376\377\000S\000c\000h\000i\000z\000o\000p\000h\000r\000e\000n\000i\000a}{subsection.11.1}% 120
\BOOKMARK [3][-]{subsubsection.11.1.3}{\376\377\000N\000o\000n\000-\000n\000e\000u\000r\000o\000n\000a\000l\000\040\000C\000e\000l\000l\000\040\000S\000y\000s\000t\000e\000m\000s}{subsection.11.1}% 121
\BOOKMARK [2][-]{subsection.11.2}{\376\377\000R\000e\000f\000i\000n\000e\000m\000e\000n\000t\000\040\000o\000f\000\040\000t\000h\000e\000\040\000T\000h\000e\000o\000r\000e\000t\000i\000c\000a\000l\000\040\000F\000r\000a\000m\000e\000w\000o\000r\000k}{section.11}% 122
\BOOKMARK [3][-]{subsubsection.11.2.1}{\376\377\000A\000d\000v\000a\000n\000c\000e\000d\000\040\000M\000a\000t\000h\000e\000m\000a\000t\000i\000c\000a\000l\000\040\000M\000o\000d\000e\000l\000i\000n\000g}{subsection.11.2}% 123
\BOOKMARK [3][-]{subsubsection.11.2.2}{\376\377\000C\000o\000m\000p\000u\000t\000a\000t\000i\000o\000n\000a\000l\000\040\000I\000m\000p\000l\000e\000m\000e\000n\000t\000a\000t\000i\000o\000n\000s}{subsection.11.2}% 124
\BOOKMARK [3][-]{subsubsection.11.2.3}{\376\377\000E\000x\000p\000e\000r\000i\000m\000e\000n\000t\000a\000l\000\040\000V\000a\000l\000i\000d\000a\000t\000i\000o\000n}{subsection.11.2}% 125
\BOOKMARK [2][-]{subsection.11.3}{\376\377\000D\000e\000v\000e\000l\000o\000p\000m\000e\000n\000t\000\040\000o\000f\000\040\000t\000h\000e\000\040\000R\000E\000N\000\040\000F\000a\000m\000i\000l\000y\000\040\000o\000f\000\040\000C\000o\000m\000p\000o\000u\000n\000d\000s}{section.11}% 126
\BOOKMARK [3][-]{subsubsection.11.3.1}{\376\377\000R\000E\000N\000-\0000\0002\000\040\000t\000h\000r\000o\000u\000g\000h\000\040\000R\000E\000N\000-\0000\0005}{subsection.11.3}% 127
\BOOKMARK [3][-]{subsubsection.11.3.2}{\376\377\000O\000p\000t\000i\000m\000i\000z\000a\000t\000i\000o\000n\000\040\000S\000t\000r\000a\000t\000e\000g\000i\000e\000s}{subsection.11.3}% 128
\BOOKMARK [3][-]{subsubsection.11.3.3}{\376\377\000P\000e\000r\000s\000o\000n\000a\000l\000i\000z\000e\000d\000\040\000M\000e\000d\000i\000c\000i\000n\000e\000\040\000A\000p\000p\000l\000i\000c\000a\000t\000i\000o\000n\000s}{subsection.11.3}% 129
\BOOKMARK [2][-]{subsection.11.4}{\376\377\000E\000x\000p\000e\000r\000i\000m\000e\000n\000t\000a\000l\000\040\000P\000l\000a\000n\000s\000\040\000f\000o\000r\000\040\000R\000E\000N\000-\0000\0002\000,\000\040\000R\000E\000N\000-\0000\0003\000,\000\040\000a\000n\000d\000\040\000B\000e\000y\000o\000n\000d}{section.11}% 130
\BOOKMARK [3][-]{subsubsection.11.4.1}{\376\377\000P\000r\000e\000c\000l\000i\000n\000i\000c\000a\000l\000\040\000D\000e\000v\000e\000l\000o\000p\000m\000e\000n\000t}{subsection.11.4}% 131
\BOOKMARK [3][-]{subsubsection.11.4.2}{\376\377\000T\000r\000a\000n\000s\000l\000a\000t\000i\000o\000n\000a\000l\000\040\000R\000e\000s\000e\000a\000r\000c\000h}{subsection.11.4}% 132
\BOOKMARK [3][-]{subsubsection.11.4.3}{\376\377\000C\000l\000i\000n\000i\000c\000a\000l\000\040\000D\000e\000v\000e\000l\000o\000p\000m\000e\000n\000t\000\040\000S\000t\000r\000a\000t\000e\000g\000y}{subsection.11.4}% 133
\BOOKMARK [3][-]{subsubsection.11.4.4}{\376\377\000I\000n\000t\000e\000g\000r\000a\000t\000i\000o\000n\000\040\000w\000i\000t\000h\000\040\000E\000m\000e\000r\000g\000i\000n\000g\000\040\000T\000e\000c\000h\000n\000o\000l\000o\000g\000i\000e\000s}{subsection.11.4}% 134
\BOOKMARK [3][-]{subsubsection.11.4.5}{\376\377\000C\000o\000l\000l\000a\000b\000o\000r\000a\000t\000i\000v\000e\000\040\000R\000e\000s\000e\000a\000r\000c\000h\000\040\000N\000e\000t\000w\000o\000r\000k}{subsection.11.4}% 135
\BOOKMARK [3][-]{subsubsection.11.4.6}{\376\377\000C\000o\000n\000c\000l\000u\000s\000i\000o\000n}{subsection.11.4}% 136
